Flutter crash report.
Please report a bug at https://github.com/flutter/flutter/issues.

## command

flutter run -d web-server --web-hostname 10.236.31.50 --web-port 8080

## exception

PathAccessException: PathAccessException: Deletion failed, path = 'C:\Users\OLUWAS~1\AppData\Local\Temp\flutter_tools.709383c1\flutter_tool.63b1b97f' (OS Error: The process cannot access the file because it is being used by another process.
, errno = 32)

```
#0      _Directory._deleteSync (dart:io/directory_impl.dart:226:7)
#1      FileSystemEntity.deleteSync (dart:io/file_system_entity.dart:425:7)
#2      ForwardingFileSystemEntity.deleteSync (package:file/src/forwarding/forwarding_file_system_entity.dart:70:16)
#3      ErrorHandlingDirectory.deleteSync.<anonymous closure> (package:flutter_tools/src/base/error_handling_io.dart:448:22)
#4      _runSync (package:flutter_tools/src/base/error_handling_io.dart:549:14)
#5      ErrorHandlingDirectory.deleteSync (package:flutter_tools/src/base/error_handling_io.dart:447:12)
#6      ResidentRunner.preExit (package:flutter_tools/src/resident_runner.dart:1393:25)
#7      ResidentRunner.exit (package:flutter_tools/src/resident_runner.dart:1214:11)
<asynchronous suspension>
#8      TerminalHandler._commonTerminalInputHandler (package:flutter_tools/src/resident_runner.dart:1704:9)
<asynchronous suspension>
#9      TerminalHandler.processTerminalInput (package:flutter_tools/src/resident_runner.dart:1765:7)
<asynchronous suspension>
```

## flutter doctor

```
[32m[✓][39m Flutter (Channel stable, 3.32.1, on Microsoft Windows
    [Version 10.0.22621.1105], locale en-US) [1,420ms]
    [32m•[39m Flutter version 3.32.1 on channel stable at C:\src\flutter
    [32m•[39m Upstream repository https://github.com/flutter/flutter.git
    [32m•[39m Framework revision b25305a883 (10 weeks ago), 2025-05-29
      10:40:06 -0700
    [32m•[39m Engine revision 1425e5e9ec
    [32m•[39m Dart version 3.8.1
    [32m•[39m DevTools version 2.45.1

[32m[✓][39m Windows Version (11 Pro 64-bit, 22H2, 2009) [5.2s]

[33m[!][39m Android toolchain - develop for Android devices (Android SDK
    version 34.0.0) [19.8s]
    [32m•[39m Android SDK at C:\Android\sdk
    [32m•[39m Platform android-35, build-tools 34.0.0
    [32m•[39m Java binary at: C:\Users\Oluwasegun
      Adeniyi\Desktop\2476\flutter_projects\zulu17.58.21-ca-jdk17
      .0.15-win_x64\bin\java
      This JDK is specified by the JAVA_HOME environment
      variable.
      To manually set the JDK path, use: `flutter config
      --jdk-dir="path/to/jdk"`.
    [32m•[39m Java version OpenJDK Runtime Environment Zulu17.58+21-CA
      (build 17.0.15+6-LTS)
    [33m![39m Some Android licenses not accepted. To resolve this, run:
      flutter doctor --android-licenses

[32m[✓][39m Chrome - develop for the web [13ms]
    [32m•[39m Chrome at C:\Program Files
      (x86)\Google\Chrome\Application\chrome.exe

[31m[✗][39m Visual Studio - develop Windows apps [12ms]
    [31m✗[39m Visual Studio not installed; this is necessary to develop
      Windows apps.
      Download at https://visualstudio.microsoft.com/downloads/.
      Please install the "Desktop development with C++" workload,
      including all of its default components

[33m[!][39m Android Studio (not installed) [8ms]
    [32m•[39m Android Studio not found; download from
      https://developer.android.com/studio/index.html
      (or visit https://flutter.dev/to/windows-android-setup for
      detailed instructions).

[32m[✓][39m VS Code (version 1.102.3) [8ms]
    [32m•[39m VS Code at C:\Users\Oluwasegun
      Adeniyi\AppData\Local\Programs\Microsoft VS Code
    [32m•[39m Flutter extension version 3.117.20250731

[32m[✓][39m Connected device (4 available) [291ms]
    [32m•[39m Windows (desktop) • windows    • windows-x64    • Microsoft
      Windows [Version 10.0.22621.1105]
    [32m•[39m Web Server (web)  • web-server • web-javascript • Flutter
      Tools
    [32m•[39m Chrome (web)      • chrome     • web-javascript • Google
      Chrome 138.0.7204.184
    [32m•[39m Edge (web)        • edge       • web-javascript • Microsoft
      Edge 137.0.3296.93

[32m[✓][39m Network resources [1,085ms]
    [32m•[39m All expected network resources are available.

[33m![39m Doctor found issues in 3 categories.
```
